<?xml version="1.0" encoding="UTF-8"?>
<!-- Generated by org.testng.reporters.JUnitReportReporter -->
<testsuite skipped="0" hostname="DESKTOP-7SOEABG" name="a2_bingTest.A1_BingTest" tests="1" failures="0" timestamp="2023-05-16T11:03:26 IST" time="19.895" errors="0">
  <testcase name="validateBing" time="19.895" classname="a2_bingTest.A1_BingTest"/>
  <system-out/>
</testsuite> <!-- a2_bingTest.A1_BingTest -->
