<?xml version="1.0" encoding="UTF-8"?>
<!-- Generated by org.testng.reporters.JUnitReportReporter -->
<testsuite skipped="0" hostname="DESKTOP-7SOEABG" name="a1_googleTest.A1_GoogleTest" tests="1" failures="0" timestamp="2023-05-16T11:03:26 IST" time="37.501" errors="0">
  <testcase name="validateGoogle" time="37.501" classname="a1_googleTest.A1_GoogleTest"/>
  <system-out/>
</testsuite> <!-- a1_googleTest.A1_GoogleTest -->
